"../../../RedRage/Content/2DSideScroller/Textures/2DCharacter_IdleAnimAtlas.uasset" 0
"../../../RedRage/Content/2DSideScroller/Sprites/IdleFrames/IdleCycle1.uasset" 1
"../../../RedRage/Content/2DSideScroller/Sprites/IdleFrames/IdleCycle2.uasset" 2
"../../../RedRage/Content/2DSideScroller/Sprites/IdleFrames/IdleCycle3.uasset" 3
"../../../RedRage/Content/2DSideScroller/Sprites/IdleFrames/IdleCycle4.uasset" 4
"../../../RedRage/Content/2DSideScroller/Sprites/IdleFrames/IdleCycle5.uasset" 5
"../../../RedRage/Content/2DSideScroller/Sprites/IdleFrames/IdleCycle6.uasset" 6
"../../../RedRage/Content/2DSideScroller/Sprites/IdleFrames/IdleCycle7.uasset" 7
"../../../RedRage/Content/2DSideScroller/Sprites/IdleFrames/IdleCycle8.uasset" 8
"../../../RedRage/Content/2DSideScroller/Sprites/IdleAnimation.uasset" 9
"../../../RedRage/Content/2DSideScroller/Textures/2DBackgroundTile.uasset" 10
"../../../RedRage/Content/2DSideScroller/Materials/PrototypingSpriteMaterial.uasset" 11
"../../../RedRage/Content/2DSideScroller/Sprites/PrototypingSprite.uasset" 12
"../../../RedRage/Content/2DSideScroller/Textures/2DCharacter_RunAnimAtlas.uasset" 13
"../../../RedRage/Content/2DSideScroller/Sprites/RunFrames/RunCycle_1.uasset" 14
"../../../RedRage/Content/2DSideScroller/Sprites/RunFrames/RunCycle_10.uasset" 15
"../../../RedRage/Content/2DSideScroller/Sprites/RunFrames/RunCycle_11.uasset" 16
"../../../RedRage/Content/2DSideScroller/Sprites/RunFrames/RunCycle_12.uasset" 17
"../../../RedRage/Content/2DSideScroller/Sprites/RunFrames/RunCycle_13.uasset" 18
"../../../RedRage/Content/2DSideScroller/Sprites/RunFrames/RunCycle_14.uasset" 19
"../../../RedRage/Content/2DSideScroller/Sprites/RunFrames/RunCycle_15.uasset" 20
"../../../RedRage/Content/2DSideScroller/Sprites/RunFrames/RunCycle_16.uasset" 21
"../../../RedRage/Content/2DSideScroller/Sprites/RunFrames/RunCycle_2.uasset" 22
"../../../RedRage/Content/2DSideScroller/Sprites/RunFrames/RunCycle_3.uasset" 23
"../../../RedRage/Content/2DSideScroller/Sprites/RunFrames/RunCycle_4.uasset" 24
"../../../RedRage/Content/2DSideScroller/Sprites/RunFrames/RunCycle_5.uasset" 25
"../../../RedRage/Content/2DSideScroller/Sprites/RunFrames/RunCycle_6.uasset" 26
"../../../RedRage/Content/2DSideScroller/Sprites/RunFrames/RunCycle_7.uasset" 27
"../../../RedRage/Content/2DSideScroller/Sprites/RunFrames/RunCycle_8.uasset" 28
"../../../RedRage/Content/2DSideScroller/Sprites/RunFrames/RunCycle_9.uasset" 29
"../../../RedRage/Content/2DSideScroller/Sprites/RunningAnimation.uasset" 30
"../../../RedRage/Content/sprites/elev_platform.uasset" 31
"../../../RedRage/Content/sprites/elev_platform_Sprite.uasset" 32
"../../../RedRage/Content/blueprints/elevator_vert.uasset" 33
"../../../Engine/Content/EditorBlueprintResources/StandardMacros.uasset" 34
"../../../RedRage/Content/blueprints/MainGameInstance.uasset" 35
"../../../RedRage/Content/sprites/rr_bullet_fly_00.uasset" 36
"../../../RedRage/Content/sprites/rr_bullet_fly_00_Sprite.uasset" 37
"../../../RedRage/Content/sprites/rr_bullet_fly.uasset" 38
"../../../RedRage/Content/blueprints/player_bullet.uasset" 39
"../../../RedRage/Content/blueprints/ui.uasset" 40
"../../../RedRage/Content/sprites/rr_climb_01.uasset" 41
"../../../RedRage/Content/sprites/rr_climb_01_Sprite.uasset" 42
"../../../RedRage/Content/sprites/rr_climb_02.uasset" 43
"../../../RedRage/Content/sprites/rr_climb_02_Sprite.uasset" 44
"../../../RedRage/Content/sprites/rr_climb.uasset" 45
"../../../RedRage/Content/sprites/rr_climb_stat.uasset" 46
"../../../RedRage/Content/sprites/rr_dead_01.uasset" 47
"../../../RedRage/Content/sprites/rr_dead_01_Sprite.uasset" 48
"../../../RedRage/Content/sprites/rr_dead.uasset" 49
"../../../RedRage/Content/sprites/rr_jump_01.uasset" 50
"../../../RedRage/Content/sprites/rr_jump_01_Sprite.uasset" 51
"../../../RedRage/Content/sprites/rr_jump.uasset" 52
"../../../RedRage/Content/sprites/rr_shoot_01.uasset" 53
"../../../RedRage/Content/sprites/rr_shoot_01_Sprite.uasset" 54
"../../../RedRage/Content/sprites/rr_shoot.uasset" 55
"../../../Engine/Plugins/2D/Paper2D/Content/PlaceholderTextures/DummySpriteTexture.uasset" 56
"../../../RedRage/Content/tech/spritemat_simple.uasset" 57
"../../../RedRage/Content/tech/spritemat_simple_inst.uasset" 58
"../../../RedRage/Content/sprites/rr_stand_01.uasset" 59
"../../../RedRage/Content/sprites/rr_stand_01_Sprite.uasset" 60
"../../../RedRage/Content/sprites/rr_stand_02.uasset" 61
"../../../RedRage/Content/sprites/rr_stand_02_Sprite.uasset" 62
"../../../RedRage/Content/sprites/rr_stand.uasset" 63
"../../../RedRage/Content/sprites/rr_walk_01.uasset" 64
"../../../RedRage/Content/sprites/rr_walk_01_Sprite.uasset" 65
"../../../RedRage/Content/sprites/rr_walk_02.uasset" 66
"../../../RedRage/Content/sprites/rr_walk_02_Sprite.uasset" 67
"../../../RedRage/Content/sprites/rr_walk.uasset" 68
"../../../RedRage/Content/blueprints/2DSideScrollerCharacter.uasset" 69
"../../../RedRage/Content/sprites/jumppad.uasset" 70
"../../../RedRage/Content/sprites/jumppad_Sprite.uasset" 71
"../../../RedRage/Content/blueprints/jumppad.uasset" 72
"../../../RedRage/Content/sprites/arachnopod.uasset" 73
"../../../RedRage/Content/sprites/elevator_tube_d.uasset" 74
"../../../RedRage/Content/sprites/elevator_tube_si.uasset" 75
"../../../RedRage/Content/sprites/elevator_tube_d_Mat.uasset" 76
"../../../RedRage/Content/sprites/elevator_tube_d_Sprite.uasset" 77
"../../../RedRage/Content/sprites/floor_platf.uasset" 78
"../../../RedRage/Content/sprites/floor_platf_Mat.uasset" 79
"../../../Engine/Content/Functions/Engine_MaterialFunctions01/Opacity/CameraDepthFade.uasset" 80
"../../../Engine/Content/EngineMaterials/T_Default_Material_Grid_M.uasset" 81
"../../../Engine/Content/EngineMaterials/T_Default_Material_Grid_N.uasset" 82
"../../../Engine/Content/EngineMaterials/DefaultMaterial.uasset" 83
"../../../Engine/Content/BasicShapes/Cone.uasset" 84
"../../../Engine/Content/EngineMaterials/WorldGridMaterial.uasset" 85
"../../../Engine/Content/BasicShapes/Cube.uasset" 86
"../../../Engine/Content/BasicShapes/Cylinder.uasset" 87
"../../../Engine/Content/BasicShapes/Plane.uasset" 88
"../../../Engine/Content/BasicShapes/Sphere.uasset" 89
"../../../Engine/Content/EditorLandscapeResources/DataLayer.uasset" 90
"../../../Engine/Content/EditorMaterials/GizmoMaterial.uasset" 91
"../../../Engine/Content/EditorMaterials/MAT_Groups_Toggle.uasset" 92
"../../../Engine/Content/EditorMaterials/MAT_Groups_Visibility.uasset" 93
"../../../Engine/Content/EditorMaterials/PreviewShadowIndicator.uasset" 94
"../../../Engine/Content/EditorMaterials/PreviewShadowIndicatorMaterial.uasset" 95
"../../../Engine/Content/EditorMaterials/MatineeGroups/MAT_ColorTrack.uasset" 96
"../../../Engine/Content/EditorMaterials/MatineeGroups/MAT_Groups_Anim.uasset" 97
"../../../Engine/Content/EditorMaterials/MatineeGroups/MAT_Groups_AudioMaster.uasset" 98
"../../../Engine/Content/EditorMaterials/MatineeGroups/MAT_Groups_Director.uasset" 99
"../../../Engine/Content/EditorMaterials/MatineeGroups/MAT_Groups_Event.uasset" 100
"../../../Engine/Content/EditorMaterials/MatineeGroups/MAT_Groups_Fade.uasset" 101
"../../../Engine/Content/EditorMaterials/MatineeGroups/MAT_Groups_Float.uasset" 102
"../../../Engine/Content/EditorMaterials/MatineeGroups/MAT_Groups_Move.uasset" 103
"../../../Engine/Content/EditorMaterials/MatineeGroups/MAT_Groups_Slomo.uasset" 104
"../../../Engine/Content/EditorMaterials/MatineeGroups/MAT_Groups_Sound.uasset" 105
"../../../Engine/Content/EditorMaterials/MatineeGroups/MAT_Groups_Vector.uasset" 106
"../../../Engine/Content/EditorMaterials/ParticleSystems/PSysThumbnail_NoImage.uasset" 107
"../../../Engine/Content/EditorMaterials/ParticleSystems/PSysThumbnail_OOD.uasset" 108
"../../../Engine/Content/EditorMaterials/Camera/CineMat.uasset" 109
"../../../Engine/Content/EditorMaterials/Camera/MI_CineMat_Rig.uasset" 110
"../../../Engine/Content/EditorMeshes/Camera/SM_CraneRig_Arm.uasset" 111
"../../../Engine/Content/EditorMeshes/Camera/SM_CraneRig_Base.uasset" 112
"../../../Engine/Content/EditorMeshes/Camera/SM_CraneRig_Body.uasset" 113
"../../../Engine/Content/EditorMeshes/Camera/SM_CraneRig_Mount.uasset" 114
"../../../Engine/Content/EditorMeshes/Camera/SM_RailRig_Mount.uasset" 115
"../../../Engine/Content/EditorMeshes/Camera/SM_RailRig_Track.uasset" 116
"../../../Engine/Content/EditorMeshes/ColorCalibrator/M_ChromeBall.uasset" 117
"../../../Engine/Content/EditorMeshes/ColorCalibrator/M_ClearCoat.uasset" 118
"../../../Engine/Content/EditorMeshes/ColorCalibrator/M_ClearCoatBlack.uasset" 119
"../../../Engine/Content/EditorMeshes/ColorCalibrator/Color_checker.uasset" 120
"../../../Engine/Content/EditorMeshes/ColorCalibrator/M_ColorGrid.uasset" 121
"../../../Engine/Content/EditorMeshes/ColorCalibrator/M_GreyBall.uasset" 122
"../../../Engine/Content/EditorMeshes/ColorCalibrator/SM_ColorCalibrator.uasset" 123
"../../../Engine/Content/EditorResources/BSPVertex.uasset" 124
"../../../Engine/Content/EditorResources/EmptyActor.uasset" 125
"../../../Engine/Content/EditorResources/S_Actor.uasset" 126
"../../../Engine/Content/EditorResources/S_Trigger.uasset" 127
"../../../Engine/Content/EditorResources/LightIcons/S_LightError.uasset" 128
"../../../Engine/Content/EditorResources/SequenceRecorder/Countdown.uasset" 129
"../../../Engine/Content/EditorResources/SequenceRecorder/RecordingIndicator.uasset" 130
"../../../Engine/Content/EditorSounds/Notifications/CompileFailed.uasset" 131
"../../../Engine/Content/EditorSounds/Notifications/CompileFailed_Cue.uasset" 132
"../../../Engine/Content/EditorSounds/Notifications/CompileSuccess.uasset" 133
"../../../Engine/Content/EditorSounds/Notifications/CompileStart_Cue.uasset" 134
"../../../Engine/Content/EditorSounds/Notifications/CompileSuccess_Cue.uasset" 135
"../../../Engine/Content/EngineDamageTypes/DmgTypeBP_Environmental.uasset" 136
"../../../Engine/Content/EngineDebugMaterials/HeatmapGradient.uasset" 137
"../../../Engine/Content/EngineDebugMaterials/BoneWeightMaterial.uasset" 138
"../../../Engine/Content/EngineDebugMaterials/ClothMaterial.uasset" 139
"../../../Engine/Content/EngineDebugMaterials/ClothMaterial_WF.uasset" 140
"../../../Engine/Content/EngineDebugMaterials/DebugEditorMaterial.uasset" 141
"../../../Engine/Content/EngineDebugMaterials/DebugMeshMaterial.uasset" 142
"../../../Engine/Content/EngineDebugMaterials/GeomMaterial.uasset" 143
"../../../Engine/Content/EngineFonts/Faces/RobotoBold.uasset" 144
"../../../Engine/Content/EngineFonts/Faces/RobotoBoldItalic.uasset" 145
"../../../Engine/Content/EngineFonts/Faces/RobotoItalic.uasset" 146
"../../../Engine/Content/EngineFonts/Faces/RobotoLight.uasset" 147
"../../../Engine/Content/EngineFonts/Faces/RobotoRegular.uasset" 148
"../../../Engine/Content/EngineFonts/Roboto.uasset" 149
"../../../Engine/Content/EngineFonts/Faces/RobotoTiny.uasset" 150
"../../../Engine/Content/EngineFonts/RobotoTiny.uasset" 151
"../../../Engine/Content/EngineMaterials/DefaultBloomKernel.uasset" 152
"../../../Engine/Content/EngineMaterials/DefaultBokeh.uasset" 153
"../../../Engine/Content/EngineMaterials/DefaultDiffuse.uasset" 154
"../../../Engine/Content/EngineMaterials/DefaultDeferredDecalMaterial.uasset" 155
"../../../Engine/Content/EngineMaterials/DefaultLightFunctionMaterial.uasset" 156
"../../../Engine/Content/EngineMaterials/DefaultPhysicalMaterial.uasset" 157
"../../../Engine/Content/Functions/Engine_MaterialFunctions02/Utility/BreakOutFloat2Components.uasset" 158
"../../../Engine/Content/EngineMaterials/DefaultPostProcessMaterial.uasset" 159
"../../../Engine/Content/EngineFonts/RobotoDistanceField.uasset" 160
"../../../Engine/Content/EngineMaterials/DefaultTextMaterialOpaque.uasset" 161
"../../../Engine/Content/EngineMaterials/DefaultWhiteGrid.uasset" 162
"../../../Engine/Content/EngineMaterials/EditorBrushMaterial.uasset" 163
"../../../Engine/Content/EngineMaterials/Good64x64TilingNoiseHighFreq.uasset" 164
"../../../Engine/Content/EngineMaterials/MiniFont.uasset" 165
"../../../Engine/Content/EngineMaterials/InvalidLightmapSettings.uasset" 166
"../../../Engine/Content/EngineMaterials/M_InvalidLightmapSettings.uasset" 167
"../../../Engine/Content/Functions/Engine_MaterialFunctions02/WorldPositionOffset/CameraOffset.uasset" 168
"../../../Engine/Content/EngineMaterials/PhAT_JointLimitMaterial.uasset" 169
"../../../Engine/Content/EngineMaterials/PreintegratedSkinBRDF.uasset" 170
"../../../Engine/Content/EngineMaterials/RemoveSurfaceMaterial.uasset" 171
"../../../Engine/Content/EngineMaterials/WeightMapPlaceholderTexture.uasset" 172
"../../../Engine/Content/EngineResources/WhiteSquareTexture.uasset" 173
"../../../Engine/Content/EngineMaterials/Widget3DPassThrough.uasset" 174
"../../../Engine/Content/EngineMaterials/Widget3DPassThrough_Masked.uasset" 175
"../../../Engine/Content/EngineMaterials/Widget3DPassThrough_Opaque.uasset" 176
"../../../Engine/Content/EngineMaterials/Widget3DPassThrough_Masked_OneSided.uasset" 177
"../../../Engine/Content/EngineMaterials/Widget3DPassThrough_Opaque_OneSided.uasset" 178
"../../../Engine/Content/EngineMaterials/Widget3DPassThrough_Translucent.uasset" 179
"../../../Engine/Content/EngineMaterials/Widget3DPassThrough_Translucent_OneSided.uasset" 180
"../../../Engine/Content/EngineMeshes/Cube.uasset" 181
"../../../Engine/Content/EngineMeshes/Cylinder.uasset" 182
"../../../Engine/Content/EngineMeshes/Sphere.uasset" 183
"../../../Engine/Content/EngineResources/Black.uasset" 184
"../../../Engine/Content/EngineResources/DefaultTexture.uasset" 185
"../../../Engine/Content/EngineResources/DefaultTextureCube.uasset" 186
"../../../Engine/Content/EngineResources/GradientTexture0.uasset" 187
"../../../Engine/Content/EngineSounds/Master.uasset" 188
"../../../Engine/Content/Functions/Engine_MaterialFunctions01/Shading/ConvertFromDiffSpec.uasset" 189
"../../../Engine/Content/Functions/Engine_MaterialFunctions01/Shading/PowerToRoughness.uasset" 190
"../../../Engine/Content/Maps/Templates/Thumbnails/Default.uasset" 191
"../../../Engine/Content/Maps/Templates/Thumbnails/VR-Basic.uasset" 192
"../../../Engine/Content/MobileResources/T_MobileControls_texture.uasset" 193
"../../../Engine/Content/MobileResources/T_MobileMenu2.uasset" 194
"../../../Engine/Content/MobileResources/HUD/AnalogHat.uasset" 195
"../../../Engine/Content/MobileResources/HUD/VirtualJoystick_Background.uasset" 196
"../../../Engine/Content/MobileResources/HUD/VirtualJoystick_Thumb.uasset" 197
"../../../Engine/Content/MobileResources/HUD/DefaultVirtualJoysticks.uasset" 198
"../../../Engine/Content/MobileResources/HUD/LeftVirtualJoystickOnly.uasset" 199
"../../../Engine/Content/MobileResources/HUD/MobileHUDButton1_off.uasset" 200
"../../../Engine/Content/MobileResources/HUD/MobileHUDButton1_on.uasset" 201
"../../../Engine/Content/MobileResources/HUD/MobileHUDButton2_off.uasset" 202
"../../../Engine/Content/MobileResources/HUD/MobileHUDButton2_on.uasset" 203
"../../../Engine/Content/MobileResources/HUD/MobileHUDButton3.uasset" 204
"../../../Engine/Content/MobileResources/HUD/MobileHUDButtonFire.uasset" 205
"../../../Engine/Content/MobileResources/HUD/MobileHUDDirectionPad.uasset" 206
"../../../Engine/Content/MobileResources/HUD/MobileHUDDirectionPad2.uasset" 207
"../../../Engine/Content/MobileResources/HUD/MobileHUDDirectionPad3.uasset" 208
"../../../Engine/Content/MobileResources/HUD/MobileHUDDirectionStick.uasset" 209
"../../../Engine/Content/MobileResources/HUD/T_Castle_ThumbstickInner.uasset" 210
"../../../Engine/Content/MobileResources/HUD/T_Castle_ThumbstickOutter.uasset" 211
"../../../Engine/Content/Tutorial/ContentIntroCurve.uasset" 212
"../../../Engine/Content/Tutorial/Basics/TutorialAssets/icon_tab_Levels_40x.uasset" 213
"../../../Engine/Content/Tutorial/BlueprintTutorials/TutorialAssets/BlueprintInterface_64x.uasset" 214
"../../../Engine/Content/Tutorial/BlueprintTutorials/TutorialAssets/BlueprintMacroLibrary_64x.uasset" 215
"../../../Engine/Content/Tutorial/BlueprintTutorials/TutorialAssets/Blueprint_64x.uasset" 216
"../../../Engine/Content/Tutorial/BlueprintTutorials/TutorialAssets/Tutorial_BP_Interface.uasset" 217
"../../../Engine/Content/Tutorial/Foliage/TutorialAssets/Foliage.uasset" 218
"../../../Engine/Content/Tutorial/Landscape/TutorialAssets/Landscape.uasset" 219
"../../../Engine/Content/Tutorial/Paper2D/TutorialAssets/Paper2DFlipbook_TutorialIcon.uasset" 220
"../../../Engine/Content/Tutorial/Paper2D/TutorialAssets/Paper2DSprite_TutorialIcon.uasset" 221
"../../../Engine/Content/Tutorial/SubEditors/TutorialAssets/icon_Editor_Preferences_General_40x.uasset" 222
"../../../Engine/Content/Tutorial/SubEditors/TutorialAssets/icon_ShowSkeletalMeshes_40x.uasset" 223
"../../../Engine/Content/Tutorial/SubEditors/TutorialAssets/TutorialMaterial.uasset" 224
"../../../Engine/Content/Tutorial/SubEditors/TutorialAssets/T_SmokeSubUV_8X8.uasset" 225
"../../../Engine/Content/Tutorial/SubEditors/TutorialAssets/T_soft_smoke.uasset" 226
"../../../Engine/Content/Tutorial/SubEditors/TutorialAssets/M_smoke_subUV_blackbody.uasset" 227
"../../../Engine/Content/Tutorial/SubEditors/TutorialAssets/TutorialParticleSystem.uasset" 228
"../../../Engine/Content/VREditor/Devices/Generic/GenericHMDMaterial.uasset" 229
"../../../Engine/Content/VREditor/Devices/Generic/GenericHMD.uasset" 230
"../../../Engine/Content/VREditor/FloatingText/LineMaterial.uasset" 231
"../../../Engine/Content/VREditor/FloatingText/JointSphere.uasset" 232
"../../../Engine/Content/VREditor/FloatingText/LineSegmentCylinder.uasset" 233
"../../../Engine/Content/VREditor/Fonts/VRText_RobotoLarge.uasset" 234
"../../../Engine/Content/VREditor/Fonts/VRTextMaterial.uasset" 235
"../../../Engine/Content/VREditor/Fonts/TranslucentVRTextMaterial.uasset" 236
"../../../Engine/Content/VREditor/LaserPointer/CursorPointer.uasset" 237
"../../../Engine/Content/VREditor/LaserPointer/VR_LaserPower_01.uasset" 238
"../../../Engine/Content/VREditor/TransformGizmo/TransformGizmoMaterial.uasset" 239
"../../../Engine/Content/VREditor/LaserPointer/HoverMaterial.uasset" 240
"../../../Engine/Content/VREditor/TransformGizmo/TranslucentTransformGizmoMaterial.uasset" 241
"../../../Engine/Content/VREditor/LaserPointer/TranslucentHoverMaterial.uasset" 242
"../../../Engine/Content/VREditor/LaserPointer/HoverMesh.uasset" 243
"../../../Engine/Content/VREditor/LaserPointer/LaserPointerMaterial.uasset" 244
"../../../Engine/Content/VREditor/LaserPointer/LaserPointerMaterialInst.uasset" 245
"../../../Engine/Content/VREditor/LaserPointer/TranslucentLaserPointerMaterialInst.uasset" 246
"../../../Engine/Content/VREditor/LaserPointer/LaserPointerMesh.uasset" 247
"../../../Engine/Content/VREditor/LaserPointer/LaserPointerMesh_End.uasset" 248
"../../../Engine/Content/VREditor/LaserPointer/LaserPointerMesh_Start.uasset" 249
"../../../Engine/Content/Functions/Engine_MaterialFunctions02/Utility/BreakOutFloat3Components.uasset" 250
"../../../Engine/Content/Functions/Engine_MaterialFunctions02/Math/Transform3x3Matrix.uasset" 251
"../../../Engine/Content/Functions/Engine_MaterialFunctions02/SplitComponents.uasset" 252
"../../../Engine/Content/Functions/Engine_MaterialFunctions02/Utility/MakeFloat3.uasset" 253
"../../../Engine/Content/VREditor/SnapGrid/SnapGridMaterial.uasset" 254
"../../../Engine/Content/VREditor/SnapGrid/SnapGridPlaneMesh.uasset" 255
"../../../Engine/Content/VREditor/Sounds/VR_teleport.uasset" 256
"../../../Engine/Content/VREditor/Sounds/UI/Click_on_Button_Cue.uasset" 257
"../../../Engine/Content/VREditor/Sounds/UI/Dockable_Window_Close.uasset" 258
"../../../Engine/Content/VREditor/Sounds/UI/Dockable_Window_Drop.uasset" 259
"../../../Engine/Content/VREditor/Sounds/UI/Dockable_Window_Open.uasset" 260
"../../../Engine/Content/VREditor/Sounds/UI/Dockable_Window_Pick_Up.uasset" 261
"../../../Engine/Content/VREditor/Sounds/UI/Drop_Item_From_ContentBrowser.uasset" 262
"../../../Engine/Content/VREditor/Sounds/UI/Floating_UI_Open-001.uasset" 263
"../../../Engine/Content/VREditor/Sounds/UI/Gizmo_Handle_Clicked.uasset" 264
"../../../Engine/Content/VREditor/Sounds/UI/Object_PickUp.uasset" 265
"../../../Engine/Content/VREditor/Sounds/UI/Object_Snaps_To_Another_Actor.uasset" 266
"../../../Engine/Content/VREditor/Sounds/UI/Object_Snaps_To_Grid.uasset" 267
"../../../Engine/Content/VREditor/Sounds/UI/Radial_Menu_FadeOut.uasset" 268
"../../../Engine/Content/VREditor/Sounds/UI/Scaling_Down.uasset" 269
"../../../Engine/Content/VREditor/Sounds/UI/Scaling_Up.uasset" 270
"../../../Engine/Content/VREditor/Sounds/UI/Selection_Changes.uasset" 271
"../../../Engine/Content/VREditor/Sounds/UI/Teleport_Mode_Entered.uasset" 272
"../../../Engine/Content/VREditor/Teleport/TeleportDirectionMaterial.uasset" 273
"../../../Engine/Content/VREditor/Teleport/TeleportDirectionMaterial_Inst.uasset" 274
"../../../Engine/Content/VREditor/Teleport/TeleportDirectionMesh.uasset" 275
"../../../Engine/Content/VREditor/TransformGizmo/BoundingBoxCorner.uasset" 276
"../../../Engine/Content/VREditor/TransformGizmo/BoundingBoxEdge.uasset" 277
"../../../Engine/Content/VREditor/TransformGizmo/PlaneTranslationHandle.uasset" 278
"../../../Engine/Content/VREditor/TransformGizmo/RotationHandleFull.uasset" 279
"../../../Engine/Content/VREditor/TransformGizmo/RotationHandleIndicator.uasset" 280
"../../../Engine/Content/VREditor/TransformGizmo/RotationHandleQuarter.uasset" 281
"../../../Engine/Content/VREditor/TransformGizmo/Main.uasset" 282
"../../../Engine/Content/VREditor/TransformGizmo/Xray.uasset" 283
"../../../Engine/Content/VREditor/TransformGizmo/SM_Dialog_Close.uasset" 284
"../../../Engine/Content/VREditor/TransformGizmo/SM_Dialog_Move.uasset" 285
"../../../Engine/Content/VREditor/TransformGizmo/SM_Sequencer_Key.uasset" 286
"../../../Engine/Content/VREditor/TransformGizmo/SM_Sequencer_Node.uasset" 287
"../../../Engine/Content/VREditor/TransformGizmo/StartRotationHandleIndicator.uasset" 288
"../../../Engine/Content/VREditor/TransformGizmo/TranslucentTransformGizmoMaterial_Inst.uasset" 289
"../../../Engine/Content/VREditor/TransformGizmo/TransformGizmoFreeRotation.uasset" 290
"../../../Engine/Content/VREditor/TransformGizmo/TransformGizmoMaterial_Inst.uasset" 291
"../../../Engine/Content/VREditor/TransformGizmo/TranslateArrowHandle.uasset" 292
"../../../Engine/Content/VREditor/TransformGizmo/UniformScaleHandle.uasset" 293
"../../../Engine/Content/VREditor/UI/KeyDiskMaterial.uasset" 294
"../../../Engine/Content/VREditor/UI/DiscMaterial.uasset" 295
"../../../Engine/Content/VREditor/UI/SM_Radial_Disk.uasset" 296
"../../../Engine/Content/Functions/Engine_MaterialFunctions01/Gradient/RadialGradient.uasset" 297
"../../../Engine/Content/VREditor/WorldMovementGrid/SimpleGrid.uasset" 298
"../../../Engine/Content/VREditor/WorldMovementGrid/GridMaterial.uasset" 299
"../../../Engine/Content/Functions/Engine_MaterialFunctions01/Density/ExponentialDensity.uasset" 300
"../../../Engine/Content/VREditor/WorldMovementGrid/GridPostProcess.uasset" 301
"../../../Engine/Content/EditorLandscapeResources/FlattenHeightMat.uasset" 302
"../../../Engine/Content/VREditor/WorldMovementGrid/PlaneMesh.uasset" 303
"../../../Engine/Plugins/2D/Paper2D/Content/DummySprite.uasset" 304
"../../../Engine/Plugins/2D/Paper2D/Content/DefaultPaperTerrainMaterial.uasset" 305
"../../../Engine/Plugins/2D/Paper2D/Content/DefaultSpriteMaterial.uasset" 306
"../../../Engine/Plugins/2D/Paper2D/Content/MaskedUnlitSpriteMaterial.uasset" 307
"../../../Engine/Plugins/Media/MediaCompositing/Content/DefaultMediaPlaneMaterial.uasset" 308
"../../../Engine/Content/Functions/Engine_MaterialFunctions02/Utility/MakeFloat4.uasset" 309
"../../../Engine/Plugins/Runtime/AppleARKit/Content/ARKitCameraMaterial.uasset" 310
"../../../Engine/Plugins/Runtime/Oculus/OculusVR/Content/Textures/GearVRController_AO.uasset" 311
"../../../Engine/Plugins/Runtime/Oculus/OculusVR/Content/Textures/GearVRController_Color.uasset" 312
"../../../Engine/Plugins/Runtime/Oculus/OculusVR/Content/Textures/GearVRController_Normal.uasset" 313
"../../../Engine/Plugins/Runtime/Oculus/OculusVR/Content/Materials/GearVRControllerMaterial.uasset" 314
"../../../Engine/Plugins/Runtime/Oculus/OculusVR/Content/Meshes/GearVrController.uasset" 315
"../../../RedRage/Content/2DSideScrollerBP/Blueprints/2DSideScrollerGameMode.uasset" 316
"../../../RedRage/Content/2DSideScrollerBP/Maps/2DSideScrollerExampleMap_BuiltData.uasset" 317
"../../../Engine/Content/MapTemplates/Bokeh_5Sides.uasset" 318
"../../../Engine/Content/MapTemplates/T_ScreenDirt02_w.uasset" 319
"../../../Engine/Plugins/2D/Paper2D/Content/OpaqueUnlitSpriteMaterial.uasset" 320
"../../../RedRage/Content/2DSideScroller/Textures/2DBackground.uasset" 321
"../../../RedRage/Content/2DSideScroller/Sprites/Background_Sprite.uasset" 322
"../../../RedRage/Content/2DSideScroller/Textures/2DBackgroundBlockAtlas.uasset" 323
"../../../RedRage/Content/2DSideScroller/Sprites/Ledge.uasset" 324
"../../../RedRage/Content/2DSideScrollerBP/Maps/2DSideScrollerExampleMap.umap" 325
"../../../RedRage/Content/blueprints/funclib.uasset" 326
"../../../RedRage/Content/sprites/bullet_blue.uasset" 327
"../../../RedRage/Content/sprites/bullet_blue_Sprite.uasset" 328
"../../../RedRage/Content/sprites/bullet_blue_Flipbook.uasset" 329
"../../../RedRage/Content/blueprints/targeted_bullet.uasset" 330
"../../../RedRage/Content/sprites/arachnopod_attack_01.uasset" 331
"../../../RedRage/Content/sprites/arachnopod_attack_01_Sprite.uasset" 332
"../../../RedRage/Content/sprites/arachnopod_attack_02.uasset" 333
"../../../RedRage/Content/sprites/arachnopod_attack_02_Sprite.uasset" 334
"../../../RedRage/Content/sprites/arachnopod_attack_03.uasset" 335
"../../../RedRage/Content/sprites/arachnopod_attack_03_Sprite.uasset" 336
"../../../RedRage/Content/sprites/arachnopod_attack.uasset" 337
"../../../RedRage/Content/sprites/arachnopod_attack_telegr.uasset" 338
"../../../RedRage/Content/sprites/arachnopod_death_01.uasset" 339
"../../../RedRage/Content/sprites/arachnopod_death_01_Sprite.uasset" 340
"../../../RedRage/Content/sprites/arachnopod_death_02.uasset" 341
"../../../RedRage/Content/sprites/arachnopod_death_02_Sprite.uasset" 342
"../../../RedRage/Content/sprites/arachnopod_death.uasset" 343
"../../../RedRage/Content/sprites/arachnopod_stand_01.uasset" 344
"../../../RedRage/Content/sprites/arachnopod_stand_01_Sprite.uasset" 345
"../../../RedRage/Content/sprites/arachnopod_stand_02.uasset" 346
"../../../RedRage/Content/sprites/arachnopod_stand_02_Sprite.uasset" 347
"../../../RedRage/Content/sprites/arachnopod_stand.uasset" 348
"../../../RedRage/Content/sprites/arachnopod_walk_01.uasset" 349
"../../../RedRage/Content/sprites/arachnopod_walk_01_Sprite.uasset" 350
"../../../RedRage/Content/sprites/arachnopod_walk_02.uasset" 351
"../../../RedRage/Content/sprites/arachnopod_walk_02_Sprite.uasset" 352
"../../../RedRage/Content/sprites/arachnopod_walk.uasset" 353
"../../../RedRage/Content/blueprints/enemy_basic.uasset" 354
"../../../RedRage/Content/tech/spritemat.uasset" 355
"../../../RedRage/Content/tech/spritemat_inst.uasset" 356
"../../../RedRage/Content/sprites/floating_platform_02.uasset" 357
"../../../RedRage/Content/sprites/floating_platform_02_si.uasset" 358
"../../../RedRage/Content/sprites/floating_platform_02_Sprite.uasset" 359
"../../../RedRage/Content/blueprints/floatplatf.uasset" 360
"../../../RedRage/Content/sprites/background_01.uasset" 361
"../../../RedRage/Content/sprites/background_01_Sprite.uasset" 362
"../../../RedRage/Content/blueprints/background.uasset" 363
"../../../RedRage/Content/blueprints/killzone.uasset" 364
"../../../RedRage/Content/sprites/ladder.uasset" 365
"../../../RedRage/Content/sprites/ladder_Sprite.uasset" 366
"../../../RedRage/Content/blueprints/ladder_block.uasset" 367
"../../../RedRage/Content/sprites/slug01_death_01.uasset" 368
"../../../RedRage/Content/sprites/slug01_death_01_Sprite.uasset" 369
"../../../RedRage/Content/sprites/slug01_death_02.uasset" 370
"../../../RedRage/Content/sprites/slug01_death_02_Sprite.uasset" 371
"../../../RedRage/Content/sprites/slug01_death_03.uasset" 372
"../../../RedRage/Content/sprites/slug01_death_03_Sprite.uasset" 373
"../../../RedRage/Content/sprites/slug01_death_04.uasset" 374
"../../../RedRage/Content/sprites/slug01_death_04_Sprite.uasset" 375
"../../../RedRage/Content/sprites/slug01_death.uasset" 376
"../../../RedRage/Content/sprites/slug01_jump_01.uasset" 377
"../../../RedRage/Content/sprites/slug01_jump_01_Sprite.uasset" 378
"../../../RedRage/Content/sprites/slug01_jump.uasset" 379
"../../../RedRage/Content/sprites/slug01_stand_01.uasset" 380
"../../../RedRage/Content/sprites/slug01_stand_01_Sprite.uasset" 381
"../../../RedRage/Content/sprites/slug01_stand_02.uasset" 382
"../../../RedRage/Content/sprites/slug01_stand_02_Sprite.uasset" 383
"../../../RedRage/Content/sprites/slug01_stand.uasset" 384
"../../../RedRage/Content/blueprints/slug.uasset" 385
"../../../RedRage/Content/sprites/floating_platform_01.uasset" 386
"../../../RedRage/Content/sprites/floating_platform_01_Sprite.uasset" 387
"../../../RedRage/Content/sprites/tall_rock.uasset" 388
"../../../RedRage/Content/sprites/tall_rock_Mat.uasset" 389
"../../../RedRage/Content/sprites/tall_rock_Sprite.uasset" 390
"../../../RedRage/Content/2DSideScrollerBP/Maps/level01.umap" 391
"../../../RedRage/Content/blueprints/targeted_bullet_invis.uasset" 392
"../../../RedRage/Content/sprites/robot_attack_01.uasset" 393
"../../../RedRage/Content/sprites/robot_attack_01_Sprite.uasset" 394
"../../../RedRage/Content/sprites/robot_attack_02.uasset" 395
"../../../RedRage/Content/sprites/robot_attack_02_Sprite.uasset" 396
"../../../RedRage/Content/sprites/robot_attack_03.uasset" 397
"../../../RedRage/Content/sprites/robot_attack_03_Sprite.uasset" 398
"../../../RedRage/Content/sprites/robot_attack.uasset" 399
"../../../RedRage/Content/sprites/robot_death_01.uasset" 400
"../../../RedRage/Content/sprites/robot_death_01_Sprite.uasset" 401
"../../../RedRage/Content/sprites/robot_death_02.uasset" 402
"../../../RedRage/Content/sprites/robot_death_02_Sprite.uasset" 403
"../../../RedRage/Content/sprites/robot_death_03.uasset" 404
"../../../RedRage/Content/sprites/robot_death_03_Sprite.uasset" 405
"../../../RedRage/Content/sprites/robot_death.uasset" 406
"../../../RedRage/Content/sprites/robot_stand_01.uasset" 407
"../../../RedRage/Content/sprites/robot_stand_01_Sprite.uasset" 408
"../../../RedRage/Content/sprites/robot_stand_02.uasset" 409
"../../../RedRage/Content/sprites/robot_stand_02_Sprite.uasset" 410
"../../../RedRage/Content/sprites/robot_stand.uasset" 411
"../../../RedRage/Content/sprites/robot_telegraph_01.uasset" 412
"../../../RedRage/Content/sprites/robot_telegraph_01_Sprite.uasset" 413
"../../../RedRage/Content/sprites/robot_telegraph.uasset" 414
"../../../RedRage/Content/sprites/robot_walk_01.uasset" 415
"../../../RedRage/Content/sprites/robot_walk_01_Sprite.uasset" 416
"../../../RedRage/Content/sprites/robot_walk_02.uasset" 417
"../../../RedRage/Content/sprites/robot_walk_02_Sprite.uasset" 418
"../../../RedRage/Content/sprites/robot_walk.uasset" 419
"../../../RedRage/Content/blueprints/enemy_robot.uasset" 420
"../../../RedRage/Content/2DSideScrollerBP/Maps/level_demo_BuiltData.uasset" 421
"../../../RedRage/Content/sprites/bg_towers_d.uasset" 422
"../../../RedRage/Content/sprites/bg_towers_si.uasset" 423
"../../../RedRage/Content/sprites/bg_towers_d_Sprite.uasset" 424
"../../../RedRage/Content/sprites/ceil_panel.uasset" 425
"../../../RedRage/Content/sprites/ceil_panel_Sprite.uasset" 426
"../../../RedRage/Content/sprites/endpillar.uasset" 427
"../../../RedRage/Content/sprites/endpillar_Sprite.uasset" 428
"../../../RedRage/Content/sprites/floor_platf_Sprite.uasset" 429
"../../../RedRage/Content/sprites/ind_flying_platf_base.uasset" 430
"../../../RedRage/Content/sprites/ind_flying_platf_base_Sprite.uasset" 431
"../../../RedRage/Content/sprites/ind_generic_wal_doorl.uasset" 432
"../../../RedRage/Content/sprites/ind_generic_wal_doorl_Sprite.uasset" 433
"../../../RedRage/Content/sprites/ind_generic_wall.uasset" 434
"../../../RedRage/Content/sprites/ind_generic_wall_Sprite.uasset" 435
"../../../RedRage/Content/sprites/ind_generic_wall_window.uasset" 436
"../../../RedRage/Content/sprites/ind_generic_wall_window_Sprite.uasset" 437
"../../../RedRage/Content/sprites/ind_wide_floor.uasset" 438
"../../../RedRage/Content/sprites/ind_wide_floor_Sprite.uasset" 439
"../../../RedRage/Content/2DSideScrollerBP/Maps/level_demo.umap" 440
"../../../Engine/Content/Maps/Entry.umap" 441
